[    1201ms] [INFO] %cDownload the React DevTools for a better development experience: https://react.dev/link/react-devtools font-weight:bold @ http://localhost:3001/_next/static/chunks/node_modules_next_dist_115brz8._.js:2431
[    1300ms] [LOG] [HMR] connected @ http://localhost:3001/_next/static/chunks/node_modules_next_dist_115brz8._.js:2431
[    1560ms] [WARNING] Image with src "/images/owners.png" is using quality "80" which is not configured in images.qualities [75]. Please update your config to [75, 80].
Read more: https://nextjs.org/docs/messages/next-image-unconfigured-qualities @ http://localhost:3001/_next/static/chunks/node_modules_next_dist_115brz8._.js:2431
[    6021ms] [LOG] [Fast Refresh] rebuilding @ http://localhost:3001/_next/static/chunks/node_modules_next_dist_115brz8._.js:2431
[    6038ms] [LOG] [Fast Refresh] done in 132ms @ http://localhost:3001/_next/static/chunks/node_modules_next_dist_115brz8._.js:2431
[   33791ms] [LOG] [Fast Refresh] rebuilding @ http://localhost:3001/_next/static/chunks/node_modules_next_dist_115brz8._.js:2431
[   33920ms] [LOG] [Fast Refresh] done in 239ms @ http://localhost:3001/_next/static/chunks/node_modules_next_dist_115brz8._.js:2431
[  450384ms] [LOG] [Fast Refresh] rebuilding @ http://localhost:3001/_next/static/chunks/node_modules_next_dist_115brz8._.js:2431
[  450463ms] [LOG] [Fast Refresh] done in 196ms @ http://localhost:3001/_next/static/chunks/node_modules_next_dist_115brz8._.js:2431
[  784646ms] [LOG] [Fast Refresh] rebuilding @ http://localhost:3001/_next/static/chunks/node_modules_next_dist_115brz8._.js:2431
[  784648ms] [LOG] [Fast Refresh] done in 115ms @ http://localhost:3001/_next/static/chunks/node_modules_next_dist_115brz8._.js:2431
[ 4751309ms] [LOG] [HMR] connected @ http://localhost:3001/_next/static/chunks/node_modules_next_dist_115brz8._.js:2431
[ 4751636ms] [LOG] [Fast Refresh] rebuilding @ http://localhost:3001/_next/static/chunks/node_modules_next_dist_115brz8._.js:2431
[ 4751729ms] [LOG] [Fast Refresh] done in 208ms @ http://localhost:3001/_next/static/chunks/node_modules_next_dist_115brz8._.js:2431
[33282930ms] [ERROR] WebSocket connection to 'ws://localhost:3001/_next/webpack-hmr?id=yeYgXL7mqEb5WwrsAS6rx' failed: Error in connection establishment: net::ERR_NETWORK_IO_SUSPENDED @ http://localhost:3001/_next/static/chunks/node_modules_next_dist_client_0fhqo1d._.js:13299
[111162449ms] [ERROR] WebSocket connection to 'ws://localhost:3001/_next/webpack-hmr?id=yeYgXL7mqEb5WwrsAS6rx' failed: Error in connection establishment: net::ERR_NETWORK_IO_SUSPENDED @ http://localhost:3001/_next/static/chunks/node_modules_next_dist_client_0fhqo1d._.js:13299
[111165680ms] [LOG] [HMR] connected @ http://localhost:3001/_next/static/chunks/node_modules_next_dist_115brz8._.js:2431
[111165796ms] [LOG] [Fast Refresh] rebuilding @ http://localhost:3001/_next/static/chunks/node_modules_next_dist_115brz8._.js:2431
[111199337ms] [ERROR] WebSocket connection to 'ws://localhost:3001/_next/webpack-hmr?id=yeYgXL7mqEb5WwrsAS6rx' failed: Error in connection establishment: net::ERR_CONNECTION_REFUSED @ http://localhost:3001/_next/static/chunks/node_modules_next_dist_client_0fhqo1d._.js:13299
